<?xml version="1.0" encoding="UTF-8"?>
<!-- Generated by org.testng.reporters.JUnitReportReporter -->
<testsuite hostname="Abshirs-MBP" failures="0" tests="1" name="testRunner.BuyItemsTest" time="45.507" errors="0" timestamp="2024-08-22T11:33:43 EDT" skipped="0">
  <testcase classname="testRunner.BuyItemsTest" name="fulltest" time="45.507"/>
</testsuite> <!-- testRunner.BuyItemsTest -->
