<?xml version="1.0" encoding="UTF-8"?>
<!-- Generated by org.testng.reporters.JUnitReportReporter -->
<testsuite hostname="Abshirs-MBP" failures="0" tests="5" name="testRunner.BuyItemsTestNG" time="38.850" errors="0" timestamp="2024-08-22T21:21:40 EDT" skipped="0">
  <testcase classname="testRunner.BuyItemsTestNG" name="searchJacket" time="2.253"/>
  <testcase classname="testRunner.BuyItemsTestNG" name="chooseJacket" time="1.403"/>
  <testcase classname="testRunner.BuyItemsTestNG" name="purchaseDetails" time="8.572"/>
  <testcase classname="testRunner.BuyItemsTestNG" name="completeOrder" time="13.974"/>
  <testcase classname="testRunner.BuyItemsTestNG" name="viewOrderHistory" time="12.648"/>
</testsuite> <!-- testRunner.BuyItemsTestNG -->
